

=== 2026-06-18 11:27:04 ===
+ lerobot-record --robot.type=so101_follower --robot.port=/dev/so101/rig01_follower --robot.id=hs_rig01_follower --teleop.type=so101_leader --teleop.port=/dev/so101/rig01_leader --teleop.id=hs_rig01_leader '--robot.cameras={ front: {type: opencv, index_or_path: 0, width: 640, height: 480, fps: 30} }' --display_data=true --dataset.repo_id=local/hs-so101-rig01-cube-sort --dataset.num_episodes=5 --dataset.episode_time_s=20 --dataset.reset_time_s=10 '--dataset.single_task=Pick up the red cube and place it in the left bin' --dataset.streaming_encoding=true --dataset.encoder_threads=2 --dataset.push_to_hub=false
INFO 2026-06-18 11:27:13 t_record.py:435 {'dataset': {'encoder_queue_maxsize': 30,
             'encoder_threads': 2,
             'episode_time_s': 20,
             'fps': 30,
             'num_episodes': 5,
             'num_image_writer_processes': 0,
             'num_image_writer_threads_per_camera': 4,
             'private': False,
             'push_to_hub': False,
             'rename_map': {},
             'repo_id': 'local/hs-so101-rig01-cube-sort',
             'reset_time_s': 10,
             'root': None,
             'single_task': 'Pick up the red cube and place it in the left bin',
             'streaming_encoding': True,
             'tags': None,
             'vcodec': 'libsvtav1',
             'video': True,
             'video_encoding_batch_size': 1},
 'display_compressed_images': False,
 'display_data': True,
 'display_ip': None,
 'display_port': None,
 'play_sounds': True,
 'policy': None,
 'resume': False,
 'robot': {'calibration_dir': None,
           'cameras': {'front': {'backend': <Cv2Backends.ANY: 0>,
                                 'color_mode': <ColorMode.RGB: 'rgb'>,
                                 'fourcc': None,
                                 'fps': 30,
                                 'height': 480,
                                 'index_or_path': 0,
                                 'rotation': <Cv2Rotation.NO_ROTATION: 0>,
                                 'warmup_s': 1,
                                 'width': 640}},
           'disable_torque_on_disconnect': True,
           'id': 'hs_rig01_follower',
           'max_relative_target': None,
           'port': '/dev/so101/rig01_follower',
           'use_degrees': True},
 'teleop': {'calibration_dir': None,
            'id': 'hs_rig01_leader',
            'port': '/dev/so101/rig01_leader',
            'use_degrees': True}}
INFO 2026-06-18 11:27:13 eo_utils.py:106 Using video codec: libsvtav1
INFO 2026-06-18 11:27:13 eo_utils.py:106 Using video codec: libsvtav1
INFO 2026-06-18 11:27:13 ls/utils.py:227 Stop recording
INFO 2026-06-18 11:27:14 ls/utils.py:227 Exiting
Traceback (most recent call last):
  File "/home/bjoern/git/soarm101-highschool-demos/.venv/lib/python3.12/site-packages/serial/serialposix.py", line 322, in open
    self.fd = os.open(self.portstr, os.O_RDWR | os.O_NOCTTY | os.O_NONBLOCK)
              ^^^^^^^^^^^^^^^^^^^^^^^^^^^^^^^^^^^^^^^^^^^^^^^^^^^^^^^^^^^^^^
PermissionError: [Errno 13] Permission denied: '/dev/so101/rig01_follower'

During handling of the above exception, another exception occurred:

Traceback (most recent call last):
  File "/home/bjoern/git/soarm101-highschool-demos/.venv/lib/python3.12/site-packages/lerobot/motors/motors_bus.py", line 519, in _connect
    if not self.port_handler.openPort():
           ^^^^^^^^^^^^^^^^^^^^^^^^^^^^
  File "/home/bjoern/git/soarm101-highschool-demos/.venv/lib/python3.12/site-packages/scservo_sdk/port_handler.py", line 25, in openPort
    return self.setBaudRate(self.baudrate)
           ^^^^^^^^^^^^^^^^^^^^^^^^^^^^^^^
  File "/home/bjoern/git/soarm101-highschool-demos/.venv/lib/python3.12/site-packages/scservo_sdk/port_handler.py", line 49, in setBaudRate
    return self.setupPort(baud)
           ^^^^^^^^^^^^^^^^^^^^
  File "/home/bjoern/git/soarm101-highschool-demos/.venv/lib/python3.12/site-packages/scservo_sdk/port_handler.py", line 95, in setupPort
    self.ser = serial.Serial(
               ^^^^^^^^^^^^^^
  File "/home/bjoern/git/soarm101-highschool-demos/.venv/lib/python3.12/site-packages/serial/serialutil.py", line 244, in __init__
    self.open()
  File "/home/bjoern/git/soarm101-highschool-demos/.venv/lib/python3.12/site-packages/serial/serialposix.py", line 325, in open
    raise SerialException(msg.errno, "could not open port {}: {}".format(self._port, msg))
serial.serialutil.SerialException: [Errno 13] could not open port /dev/so101/rig01_follower: [Errno 13] Permission denied: '/dev/so101/rig01_follower'

The above exception was the direct cause of the following exception:

Traceback (most recent call last):
  File "/home/bjoern/git/soarm101-highschool-demos/.venv/bin/lerobot-record", line 10, in <module>
    sys.exit(main())
             ^^^^^^
  File "/home/bjoern/git/soarm101-highschool-demos/.venv/lib/python3.12/site-packages/lerobot/scripts/lerobot_record.py", line 608, in main
    record()
  File "/home/bjoern/git/soarm101-highschool-demos/.venv/lib/python3.12/site-packages/lerobot/configs/parser.py", line 233, in wrapper_inner
    response = fn(cfg, *args, **kwargs)
               ^^^^^^^^^^^^^^^^^^^^^^^^
  File "/home/bjoern/git/soarm101-highschool-demos/.venv/lib/python3.12/site-packages/lerobot/scripts/lerobot_record.py", line 519, in record
    robot.connect()
  File "/home/bjoern/git/soarm101-highschool-demos/.venv/lib/python3.12/site-packages/lerobot/utils/decorators.py", line 39, in wrapper
    return func(self, *args, **kwargs)
           ^^^^^^^^^^^^^^^^^^^^^^^^^^^
  File "/home/bjoern/git/soarm101-highschool-demos/.venv/lib/python3.12/site-packages/lerobot/robots/so_follower/so_follower.py", line 95, in connect
    self.bus.connect()
  File "/home/bjoern/git/soarm101-highschool-demos/.venv/lib/python3.12/site-packages/lerobot/utils/decorators.py", line 39, in wrapper
    return func(self, *args, **kwargs)
           ^^^^^^^^^^^^^^^^^^^^^^^^^^^
  File "/home/bjoern/git/soarm101-highschool-demos/.venv/lib/python3.12/site-packages/lerobot/motors/motors_bus.py", line 513, in connect
    self._connect(handshake)
  File "/home/bjoern/git/soarm101-highschool-demos/.venv/lib/python3.12/site-packages/lerobot/motors/motors_bus.py", line 524, in _connect
    raise ConnectionError(
ConnectionError: 
Could not connect on port '/dev/so101/rig01_follower'. Make sure you are using the correct port.
Try running `lerobot-find-port`



=== 2026-06-18 11:54:59 ===
+ lerobot-record --robot.type=so101_follower --robot.port=/dev/so101/rig01_follower --robot.id=hs_rig01_follower --teleop.type=so101_leader --teleop.port=/dev/so101/rig01_leader --teleop.id=hs_rig01_leader --display_data=true --dataset.repo_id=local/hs-so101-rig01-cube-sort --dataset.num_episodes=5 --dataset.episode_time_s=20 --dataset.reset_time_s=10 '--dataset.single_task=Pick up the red cube and place it in the left bin' --dataset.streaming_encoding=true --dataset.encoder_threads=2 --dataset.push_to_hub=false --resume=false
